161005 11:14:21 mysqld_safe Starting mysqld daemon with databases from /var/lib/mysql
2016-10-05 11:14:21 139658626042664 [Note] /usr/bin/mysqld (mysqld 10.1.17-MariaDB) starting as process 125 ...
2016-10-05 11:14:21 139658626042664 [Warning] Setting lower_case_table_names=2 because file system for /var/lib/mysql/ is case insensitive
2016-10-05 11:14:21 139658626042664 [Note] InnoDB: Using mutexes to ref count buffer pool pages
2016-10-05 11:14:21 139658626042664 [Note] InnoDB: The InnoDB memory heap is disabled
2016-10-05 11:14:21 139658626042664 [Note] InnoDB: Mutexes and rw_locks use GCC atomic builtins
2016-10-05 11:14:21 139658626042664 [Note] InnoDB: GCC builtin __atomic_thread_fence() is used for memory barrier
2016-10-05 11:14:21 139658626042664 [Note] InnoDB: Compressed tables use zlib 1.2.8
2016-10-05 11:14:21 139658626042664 [Note] InnoDB: Using Linux native AIO
2016-10-05 11:14:21 139658626042664 [Note] InnoDB: Using SSE crc32 instructions
2016-10-05 11:14:21 139658626042664 [Note] InnoDB: Initializing buffer pool, size = 128.0M
2016-10-05 11:14:21 139658626042664 [Note] InnoDB: Completed initialization of buffer pool
2016-10-05 11:14:21 139658626042664 [Note] InnoDB: The first specified data file ./ibdata1 did not exist: a new database to be created!
2016-10-05 11:14:21 139658626042664 [Note] InnoDB: Setting file ./ibdata1 size to 12 MB
2016-10-05 11:14:21 139658626042664 [Note] InnoDB: Database physically writes the file full: wait...
2016-10-05 11:14:21 139658626042664 [Note] InnoDB: Setting log file ./ib_logfile101 size to 48 MB
2016-10-05 11:14:22 139658626042664 [Note] InnoDB: Setting log file ./ib_logfile1 size to 48 MB
2016-10-05 11:14:22 139658626042664 [Note] InnoDB: Renaming log file ./ib_logfile101 to ./ib_logfile0
2016-10-05 11:14:22 139658626042664 [Warning] InnoDB: New log files created, LSN=45883
2016-10-05 11:14:22 139658626042664 [Note] InnoDB: Doublewrite buffer not found: creating new
2016-10-05 11:14:22 139658626042664 [Note] InnoDB: Doublewrite buffer created
2016-10-05 11:14:22 139658626042664 [Note] InnoDB: 128 rollback segment(s) are active.
2016-10-05 11:14:22 139658626042664 [Warning] InnoDB: Creating foreign key constraint system tables.
2016-10-05 11:14:22 139658626042664 [Note] InnoDB: Foreign key constraint system tables created
2016-10-05 11:14:22 139658626042664 [Note] InnoDB: Creating tablespace and datafile system tables.
2016-10-05 11:14:23 139658626042664 [Note] InnoDB: Tablespace and datafile system tables created.
2016-10-05 11:14:23 139658626042664 [Note] InnoDB: Waiting for purge to start
2016-10-05 11:14:23 139658626042664 [Note] InnoDB:  Percona XtraDB (http://www.percona.com) 5.6.31-77.0 started; log sequence number 0
2016-10-05 11:14:23 139658399722160 [Note] InnoDB: Dumping buffer pool(s) not yet started
2016-10-05 11:14:23 139658626042664 [Note] Plugin 'FEEDBACK' is disabled.
2016-10-05 11:14:23 139658626042664 [ERROR] Could not open mysql.plugin table. Some plugins may be not loaded
2016-10-05 11:14:23 139658262518448 [Warning] Failed to load slave replication state from table mysql.gtid_slave_pos: 1146: Table 'mysql.gtid_slave_pos' doesn't exist
2016-10-05 11:14:23 139658626042664 [ERROR] Can't open and lock privilege tables: Table 'mysql.servers' doesn't exist
2016-10-05 11:14:23 139658626042664 [Note] Server socket created on IP: '::'.
2016-10-05 11:14:23 139658626042664 [ERROR] Fatal error: Can't open and lock privilege tables: Table 'mysql.user' doesn't exist
161005 11:14:23 mysqld_safe mysqld from pid file /var/lib/mysql/5c21bec13536.pid ended
161005 11:15:29 mysqld_safe Starting mysqld daemon with databases from /var/lib/mysql
2016-10-05 11:15:29 140498589461288 [Note] /usr/bin/mysqld (mysqld 10.1.17-MariaDB) starting as process 119 ...
2016-10-05 11:15:29 140498589461288 [Warning] Setting lower_case_table_names=2 because file system for /var/lib/mysql/ is case insensitive
2016-10-05 11:15:29 140498589461288 [Note] InnoDB: Using mutexes to ref count buffer pool pages
2016-10-05 11:15:29 140498589461288 [Note] InnoDB: The InnoDB memory heap is disabled
2016-10-05 11:15:29 140498589461288 [Note] InnoDB: Mutexes and rw_locks use GCC atomic builtins
2016-10-05 11:15:29 140498589461288 [Note] InnoDB: GCC builtin __atomic_thread_fence() is used for memory barrier
2016-10-05 11:15:29 140498589461288 [Note] InnoDB: Compressed tables use zlib 1.2.8
2016-10-05 11:15:29 140498589461288 [Note] InnoDB: Using Linux native AIO
2016-10-05 11:15:29 140498589461288 [Note] InnoDB: Using SSE crc32 instructions
2016-10-05 11:15:29 140498589461288 [Note] InnoDB: Initializing buffer pool, size = 128.0M
2016-10-05 11:15:29 140498589461288 [Note] InnoDB: Completed initialization of buffer pool
2016-10-05 11:15:29 140498589461288 [Note] InnoDB: Highest supported file format is Barracuda.
2016-10-05 11:15:29 140498589461288 [Note] InnoDB: The log sequence numbers 0 and 0 in ibdata files do not match the log sequence number 1600709 in the ib_logfiles!
2016-10-05 11:15:29 140498589461288 [Note] InnoDB: Database was not shutdown normally!
2016-10-05 11:15:29 140498589461288 [Note] InnoDB: Starting crash recovery.
2016-10-05 11:15:29 140498589461288 [Note] InnoDB: Reading tablespace information from the .ibd files...
2016-10-05 11:15:29 140498589461288 [Note] InnoDB: Restoring possible half-written data pages 
2016-10-05 11:15:29 140498589461288 [Note] InnoDB: from the doublewrite buffer...
2016-10-05 11:15:30 140498589461288 [Note] InnoDB: 128 rollback segment(s) are active.
2016-10-05 11:15:30 140498589461288 [Note] InnoDB: Waiting for purge to start
2016-10-05 11:15:30 140498589461288 [Note] InnoDB:  Percona XtraDB (http://www.percona.com) 5.6.31-77.0 started; log sequence number 1600709
2016-10-05 11:15:30 140498370132656 [Note] InnoDB: Dumping buffer pool(s) not yet started
2016-10-05 11:15:30 140498589461288 [Note] Plugin 'FEEDBACK' is disabled.
2016-10-05 11:15:30 140498589461288 [ERROR] Could not open mysql.plugin table. Some plugins may be not loaded
2016-10-05 11:15:30 140498589461288 [Note] Recovering after a crash using mysql-bin
2016-10-05 11:15:30 140498589461288 [Note] Starting crash recovery...
2016-10-05 11:15:30 140498589461288 [Note] Crash recovery finished.
2016-10-05 11:15:30 140498367150768 [Warning] Failed to load slave replication state from table mysql.gtid_slave_pos: 1146: Table 'mysql.gtid_slave_pos' doesn't exist
2016-10-05 11:15:30 140498589461288 [ERROR] Can't open and lock privilege tables: Table 'mysql.servers' doesn't exist
2016-10-05 11:15:30 140498589461288 [Note] Server socket created on IP: '::'.
2016-10-05 11:15:30 140498589461288 [ERROR] Fatal error: Can't open and lock privilege tables: Table 'mysql.user' doesn't exist
161005 11:15:30 mysqld_safe mysqld from pid file /var/lib/mysql/5c21bec13536.pid ended
