161006 01:17:04 mysqld_safe Starting mysqld daemon with databases from /var/lib/mysql
2016-10-06  1:17:05 140596526480168 [Note] /usr/bin/mysqld (mysqld 10.1.17-MariaDB) starting as process 125 ...
2016-10-06  1:17:05 140596526480168 [Warning] Setting lower_case_table_names=2 because file system for /var/lib/mysql/ is case insensitive
2016-10-06  1:17:05 140596526480168 [Note] InnoDB: Using mutexes to ref count buffer pool pages
2016-10-06  1:17:05 140596526480168 [Note] InnoDB: The InnoDB memory heap is disabled
2016-10-06  1:17:05 140596526480168 [Note] InnoDB: Mutexes and rw_locks use GCC atomic builtins
2016-10-06  1:17:05 140596526480168 [Note] InnoDB: GCC builtin __atomic_thread_fence() is used for memory barrier
2016-10-06  1:17:05 140596526480168 [Note] InnoDB: Compressed tables use zlib 1.2.8
2016-10-06  1:17:05 140596526480168 [Note] InnoDB: Using Linux native AIO
2016-10-06  1:17:05 140596526480168 [Note] InnoDB: Using SSE crc32 instructions
2016-10-06  1:17:05 140596526480168 [Note] InnoDB: Initializing buffer pool, size = 128.0M
2016-10-06  1:17:05 140596526480168 [Note] InnoDB: Completed initialization of buffer pool
2016-10-06  1:17:05 140596526480168 [Note] InnoDB: Highest supported file format is Barracuda.
2016-10-06  1:17:05 140596526480168 [Note] InnoDB: The log sequence numbers 0 and 0 in ibdata files do not match the log sequence number 1600719 in the ib_logfiles!
2016-10-06  1:17:05 140596526480168 [Note] InnoDB: Database was not shutdown normally!
2016-10-06  1:17:05 140596526480168 [Note] InnoDB: Starting crash recovery.
2016-10-06  1:17:05 140596526480168 [Note] InnoDB: Reading tablespace information from the .ibd files...
2016-10-06  1:17:05 140596526480168 [Note] InnoDB: Restoring possible half-written data pages 
2016-10-06  1:17:05 140596526480168 [Note] InnoDB: from the doublewrite buffer...
2016-10-06  1:17:05 140596526480168 [Note] InnoDB: 128 rollback segment(s) are active.
2016-10-06  1:17:05 140596526480168 [Note] InnoDB: Waiting for purge to start
2016-10-06  1:17:05 140596526480168 [Note] InnoDB:  Percona XtraDB (http://www.percona.com) 5.6.31-77.0 started; log sequence number 1600719
2016-10-06  1:17:05 140596307151536 [Note] InnoDB: Dumping buffer pool(s) not yet started
2016-10-06  1:17:05 140596526480168 [Note] Plugin 'FEEDBACK' is disabled.
2016-10-06  1:17:05 140596526480168 [ERROR] Could not open mysql.plugin table. Some plugins may be not loaded
2016-10-06  1:17:05 140596526480168 [Note] Recovering after a crash using mysql-bin
2016-10-06  1:17:05 140596526480168 [Note] Starting crash recovery...
2016-10-06  1:17:05 140596526480168 [Note] Crash recovery finished.
2016-10-06  1:17:05 140596304169648 [Warning] Failed to load slave replication state from table mysql.gtid_slave_pos: 1146: Table 'mysql.gtid_slave_pos' doesn't exist
2016-10-06  1:17:05 140596526480168 [ERROR] Can't open and lock privilege tables: Table 'mysql.servers' doesn't exist
2016-10-06  1:17:05 140596526480168 [Note] Server socket created on IP: '::'.
2016-10-06  1:17:05 140596526480168 [ERROR] Fatal error: Can't open and lock privilege tables: Table 'mysql.user' doesn't exist
161006 01:17:05 mysqld_safe mysqld from pid file /var/lib/mysql/e9eb81e45f37.pid ended
161006 01:18:20 mysqld_safe Starting mysqld daemon with databases from /var/lib/mysql
2016-10-06  1:18:20 140358526167848 [Note] /usr/bin/mysqld (mysqld 10.1.17-MariaDB) starting as process 120 ...
2016-10-06  1:18:20 140358526167848 [Warning] Setting lower_case_table_names=2 because file system for /var/lib/mysql/ is case insensitive
2016-10-06  1:18:20 140358526167848 [Note] InnoDB: Using mutexes to ref count buffer pool pages
2016-10-06  1:18:20 140358526167848 [Note] InnoDB: The InnoDB memory heap is disabled
2016-10-06  1:18:20 140358526167848 [Note] InnoDB: Mutexes and rw_locks use GCC atomic builtins
2016-10-06  1:18:20 140358526167848 [Note] InnoDB: GCC builtin __atomic_thread_fence() is used for memory barrier
2016-10-06  1:18:20 140358526167848 [Note] InnoDB: Compressed tables use zlib 1.2.8
2016-10-06  1:18:20 140358526167848 [Note] InnoDB: Using Linux native AIO
2016-10-06  1:18:20 140358526167848 [Note] InnoDB: Using SSE crc32 instructions
2016-10-06  1:18:20 140358526167848 [Note] InnoDB: Initializing buffer pool, size = 128.0M
2016-10-06  1:18:20 140358526167848 [Note] InnoDB: Completed initialization of buffer pool
2016-10-06  1:18:20 140358526167848 [Note] InnoDB: Highest supported file format is Barracuda.
2016-10-06  1:18:20 140358526167848 [Note] InnoDB: The log sequence numbers 0 and 0 in ibdata files do not match the log sequence number 1600729 in the ib_logfiles!
2016-10-06  1:18:20 140358526167848 [Note] InnoDB: Database was not shutdown normally!
2016-10-06  1:18:20 140358526167848 [Note] InnoDB: Starting crash recovery.
2016-10-06  1:18:20 140358526167848 [Note] InnoDB: Reading tablespace information from the .ibd files...
2016-10-06  1:18:20 140358526167848 [Note] InnoDB: Restoring possible half-written data pages 
2016-10-06  1:18:20 140358526167848 [Note] InnoDB: from the doublewrite buffer...
2016-10-06  1:18:20 140358526167848 [Note] InnoDB: 128 rollback segment(s) are active.
2016-10-06  1:18:20 140358526167848 [Note] InnoDB: Waiting for purge to start
2016-10-06  1:18:20 140358526167848 [Note] InnoDB:  Percona XtraDB (http://www.percona.com) 5.6.31-77.0 started; log sequence number 1600729
2016-10-06  1:18:20 140358306839216 [Note] InnoDB: Dumping buffer pool(s) not yet started
2016-10-06  1:18:20 140358526167848 [Note] Plugin 'FEEDBACK' is disabled.
2016-10-06  1:18:20 140358526167848 [ERROR] Could not open mysql.plugin table. Some plugins may be not loaded
2016-10-06  1:18:20 140358526167848 [Note] Recovering after a crash using mysql-bin
2016-10-06  1:18:20 140358526167848 [Note] Starting crash recovery...
2016-10-06  1:18:20 140358526167848 [Note] Crash recovery finished.
2016-10-06  1:18:20 140358303857328 [Warning] Failed to load slave replication state from table mysql.gtid_slave_pos: 1146: Table 'mysql.gtid_slave_pos' doesn't exist
2016-10-06  1:18:20 140358526167848 [ERROR] Can't open and lock privilege tables: Table 'mysql.servers' doesn't exist
2016-10-06  1:18:20 140358526167848 [Note] Server socket created on IP: '::'.
2016-10-06  1:18:20 140358526167848 [ERROR] Fatal error: Can't open and lock privilege tables: Table 'mysql.user' doesn't exist
161006 01:18:20 mysqld_safe mysqld from pid file /var/lib/mysql/e9eb81e45f37.pid ended
